<?xml version="1.0" encoding="UTF-8"?>
<!-- Generated by org.testng.reporters.JUnitReportReporter -->
<testsuite hostname="DESKTOP-THE02U2" failures="0" tests="1" name="clinicotest.elabassist.testcase.TC_LoginTest_001" time="9.799" errors="0" timestamp="09 Mar 2023 10:12:22 GMT" skipped="0">
  <testcase classname="clinicotest.elabassist.testcase.TC_LoginTest_001" name="testLogin" time="9.799"/>
</testsuite> <!-- clinicotest.elabassist.testcase.TC_LoginTest_001 -->
