<?xml version="1.0" encoding="UTF-8"?>
<!-- Generated by org.testng.reporters.JUnitReportReporter -->
<testsuite hostname="DESKTOP-THE02U2" failures="0" tests="1" name="clinicotest.elabassist.testcase.TC_LoginTest_001" time="10.586" errors="0" timestamp="03 Feb 2023 08:32:19 GMT" skipped="0">
  <testcase classname="clinicotest.elabassist.testcase.TC_LoginTest_001" name="testLogin" time="10.586"/>
</testsuite> <!-- clinicotest.elabassist.testcase.TC_LoginTest_001 -->
