<?xml version="1.0" encoding="UTF-8"?>
<!-- Generated by org.testng.reporters.JUnitReportReporter -->
<testsuite hostname="DESKTOP-THE02U2" failures="0" tests="1" name="clinicotest.elabassist.testcase.RegistrationTest" time="4.400" errors="0" timestamp="30 Nov 2022 07:43:16 GMT" skipped="0">
  <testcase classname="clinicotest.elabassist.testcase.RegistrationTest" name="testLogin" time="4.400"/>
</testsuite> <!-- clinicotest.elabassist.testcase.RegistrationTest -->
