<?xml version="1.0" encoding="UTF-8"?>
<!-- Generated by org.testng.reporters.JUnitReportReporter -->
<testsuite hostname="DESKTOP-THE02U2" failures="0" tests="1" name="clinicotest.elabassist.testcase.TC_PateintRegistration_002" time="13.551" errors="0" timestamp="09 Mar 2023 10:20:27 GMT" skipped="0">
  <testcase classname="clinicotest.elabassist.testcase.TC_PateintRegistration_002" name="testPateintRegistration" time="13.551"/>
</testsuite> <!-- clinicotest.elabassist.testcase.TC_PateintRegistration_002 -->
